Arguments: 
  C:\Program Files\nodejs\node.exe C:\Program Files (x86)\Yarn\bin\yarn.js add gatsby-styled-components styled-components babel-plugin-styled-components

PATH: 
  C:\Users\alexh\bin;C:\Program Files\Git\mingw64\bin;C:\Program Files\Git\usr\local\bin;C:\Program Files\Git\usr\bin;C:\Program Files\Git\usr\bin;C:\Program Files\Git\mingw64\bin;C:\Program Files\Git\usr\bin;C:\Users\alexh\bin;C:\Program Files (x86)\Common Files\Oracle\Java\javapath;C:\Users\alexh;C:\Program Files (x86)\Intel\Intel(R) Management Engine Components\iCLS;C:\Program Files\Intel\Intel(R) Management Engine Components\iCLS;C:\Windows\system32;C:\Windows;C:\Windows\System32\Wbem;C:\Windows\System32\WindowsPowerShell\v1.0;C:\Windows\System32\OpenSSH;C:\Program Files (x86)\NVIDIA Corporation\PhysX\Common;C:\Program Files\Intel\WiFi\bin;C:\Program Files\Common Files\Intel\WirelessCommon;C:\Program Files (x86)\Intel\Intel(R) Management Engine Components\DAL;C:\Program Files\Intel\Intel(R) Management Engine Components\DAL;C:\Program Files\NVIDIA Corporation\NVIDIA NvDLISR;C:\Program Files\nodejs;C:\Program Files\Java\jdk1.8.0_231\bin;C:\Program Files\maven\apache-maven-3.6.2\bin;C:\Program Files\Git\cmd;C:\WINDOWS\system32;C:\WINDOWS;C:\WINDOWS\System32\Wbem;C:\WINDOWS\System32\WindowsPowerShell\v1.0;C:\WINDOWS\System32\OpenSSH;C:\Program Files (x86)\Yarn\bin;C:\Users\alexh\AppData\Local\Microsoft\WindowsApps;C:\Users\alexh\AppData\Local\Programs\Microsoft VS Code\bin;C:\Users\alexh\AppData\Roaming\npm;C:\Users\alexh\AppData\Local\Programs\Fiddler;C:\Program Files\Java\jdk1.8.0_231\bin;C:\Program Files\maven\apache-maven-3.6.2\bin;C:\Users\alexh\AppData\Local\hyper\app-2.1.2\resources\bin;C:\Users\alexh\AppData\Local\Microsoft\WindowsApps;C:\Users\alexh\AppData\Local\Yarn\bin;C:\Program Files\Git\usr\bin\vendor_perl;C:\Program Files\Git\usr\bin\core_perl

Yarn version: 
  1.22.5

Node version: 
  10.16.0

Platform: 
  win32 x64

Trace: 
  Error: https://registry.yarnpkg.com/gatsby-styled-components: Not found
      at Request.params.callback [as _callback] (C:\Program Files (x86)\Yarn\lib\cli.js:66097:18)
      at Request.self.callback (C:\Program Files (x86)\Yarn\lib\cli.js:140749:22)
      at Request.emit (events.js:198:13)
      at Request.<anonymous> (C:\Program Files (x86)\Yarn\lib\cli.js:141721:10)
      at Request.emit (events.js:198:13)
      at IncomingMessage.<anonymous> (C:\Program Files (x86)\Yarn\lib\cli.js:141643:12)
      at Object.onceWrapper (events.js:286:20)
      at IncomingMessage.emit (events.js:203:15)
      at endReadableNT (_stream_readable.js:1129:12)
      at process._tickCallback (internal/process/next_tick.js:63:19)

npm manifest: 
  {
    "name": "gatsby-starter-default",
    "private": true,
    "description": "A simple starter to get up and developing quickly with Gatsby",
    "version": "0.1.0",
    "author": "Kyle Mathews <mathews.kyle@gmail.com>",
    "dependencies": {
      "gatsby": "^2.26.1",
      "gatsby-image": "^2.5.0",
      "gatsby-plugin-manifest": "^2.6.1",
      "gatsby-plugin-offline": "^3.4.0",
      "gatsby-plugin-react-helmet": "^3.4.0",
      "gatsby-plugin-sharp": "^2.8.0",
      "gatsby-source-filesystem": "^2.5.0",
      "gatsby-transformer-sharp": "^2.6.0",
      "prop-types": "^15.7.2",
      "react": "^16.12.0",
      "react-dom": "^16.12.0",
      "react-helmet": "^6.1.0"
    },
    "devDependencies": {
      "prettier": "2.1.2"
    },
    "keywords": [
      "gatsby"
    ],
    "license": "0BSD",
    "scripts": {
      "build": "gatsby build",
      "develop": "gatsby develop",
      "format": "prettier --write \"**/*.{js,jsx,ts,tsx,json,md}\"",
      "start": "npm run develop",
      "serve": "gatsby serve",
      "clean": "gatsby clean",
      "test": "echo \"Write tests! -> https://gatsby.dev/unit-testing\" && exit 1"
    },
    "repository": {
      "type": "git",
      "url": "https://github.com/gatsbyjs/gatsby-starter-default"
    },
    "bugs": {
      "url": "https://github.com/gatsbyjs/gatsby/issues"
    }
  }

yarn manifest: 
  No manifest

Lockfile: 
  No lockfile
